2024-07-14 11:49:16,781 - Starting packet sniffer...
2024-07-14 11:49:16,797 - Socket created and bound to interface.
2024-07-14 11:54:22,422 - Packet sniffer stopped by user.
2024-07-14 11:54:22,422 - Promiscuous mode disabled, exiting.
2024-07-14 11:58:50,729 - Starting packet sniffer...
2024-07-14 11:58:50,744 - Socket created and bound to interface.
2024-07-14 12:11:02,327 - Packet sniffer stopped by user.
2024-07-14 12:11:02,327 - Promiscuous mode disabled, exiting.
2024-07-14 12:13:25,025 - Starting packet sniffer...
2024-07-14 12:13:25,025 - Socket created and bound to interface.
2024-07-14 12:13:34,568 - Non-IPv4 packet captured: Ethernet Protocol 43200
2024-07-14 12:13:34,568 - Non-IPv4 packet captured: Ethernet Protocol 43200
2024-07-14 12:13:34,568 - Non-IPv4 packet captured: Ethernet Protocol 43200
2024-07-14 12:13:34,615 - Non-IPv4 packet captured: Ethernet Protocol 43200
2024-07-14 12:13:34,615 - Non-IPv4 packet captured: Ethernet Protocol 43200
2024-07-14 12:13:34,631 - Non-IPv4 packet captured: Ethernet Protocol 43200
2024-07-14 12:13:37,939 - Non-IPv4 packet captured: Ethernet Protocol 43200
2024-07-14 12:13:37,939 - Non-IPv4 packet captured: Ethernet Protocol 43200
2024-07-14 12:13:38,954 - Non-IPv4 packet captured: Ethernet Protocol 43200
2024-07-14 12:13:38,954 - Non-IPv4 packet captured: Ethernet Protocol 43200
2024-07-14 12:13:39,968 - Non-IPv4 packet captured: Ethernet Protocol 43200
2024-07-14 12:13:39,968 - Non-IPv4 packet captured: Ethernet Protocol 43200
2024-07-14 12:13:40,101 - Non-IPv4 packet captured: Ethernet Protocol 43200
2024-07-14 12:13:40,969 - Non-IPv4 packet captured: Ethernet Protocol 43200
2024-07-14 12:13:40,969 - Non-IPv4 packet captured: Ethernet Protocol 43200
2024-07-14 12:13:42,295 - Non-IPv4 packet captured: Ethernet Protocol 43200
2024-07-14 12:13:47,140 - Non-IPv4 packet captured: Ethernet Protocol 43200
2024-07-14 12:13:47,140 - Non-IPv4 packet captured: Ethernet Protocol 43200
2024-07-14 12:13:48,140 - Non-IPv4 packet captured: Ethernet Protocol 43200
2024-07-14 12:13:48,140 - Non-IPv4 packet captured: Ethernet Protocol 43200
2024-07-14 12:13:52,048 - Non-IPv4 packet captured: Ethernet Protocol 43200
2024-07-14 12:14:01,084 - Non-IPv4 packet captured: Ethernet Protocol 43200
2024-07-14 12:14:09,961 - Non-IPv4 packet captured: Ethernet Protocol 43200
2024-07-14 12:14:12,117 - Non-IPv4 packet captured: Ethernet Protocol 43200
2024-07-14 12:14:17,065 - Non-IPv4 packet captured: Ethernet Protocol 43200
2024-07-14 12:14:17,065 - Non-IPv4 packet captured: Ethernet Protocol 43200
2024-07-14 12:14:17,065 - Non-IPv4 packet captured: Ethernet Protocol 43200
2024-07-14 12:14:17,092 - Non-IPv4 packet captured: Ethernet Protocol 43200
2024-07-14 12:14:17,092 - Non-IPv4 packet captured: Ethernet Protocol 43200
2024-07-14 12:14:17,107 - Non-IPv4 packet captured: Ethernet Protocol 43200
2024-07-14 12:14:30,449 - Non-IPv4 packet captured: Ethernet Protocol 43200
2024-07-14 12:14:30,449 - Non-IPv4 packet captured: Ethernet Protocol 43200
2024-07-14 12:14:32,165 - Non-IPv4 packet captured: Ethernet Protocol 43200
2024-07-14 12:14:33,449 - Non-IPv4 packet captured: Ethernet Protocol 43200
2024-07-14 12:14:33,449 - Non-IPv4 packet captured: Ethernet Protocol 43200
2024-07-14 12:14:36,456 - Non-IPv4 packet captured: Ethernet Protocol 43200
2024-07-14 12:14:36,456 - Non-IPv4 packet captured: Ethernet Protocol 43200
2024-07-14 12:14:39,984 - Non-IPv4 packet captured: Ethernet Protocol 43200
2024-07-14 12:14:42,118 - Non-IPv4 packet captured: Ethernet Protocol 43200
2024-07-14 12:14:42,118 - Non-IPv4 packet captured: Ethernet Protocol 43200
2024-07-14 12:14:42,118 - Non-IPv4 packet captured: Ethernet Protocol 43200
2024-07-14 12:14:42,365 - Non-IPv4 packet captured: Ethernet Protocol 43200
2024-07-14 12:14:42,365 - Non-IPv4 packet captured: Ethernet Protocol 43200
2024-07-14 12:14:42,365 - Non-IPv4 packet captured: Ethernet Protocol 43200
2024-07-14 12:14:42,872 - Non-IPv4 packet captured: Ethernet Protocol 43200
2024-07-14 12:14:42,872 - Non-IPv4 packet captured: Ethernet Protocol 43200
2024-07-14 12:14:43,311 - Non-IPv4 packet captured: Ethernet Protocol 43200
2024-07-14 12:14:43,311 - Non-IPv4 packet captured: Ethernet Protocol 43200
2024-07-14 12:14:43,383 - Non-IPv4 packet captured: Ethernet Protocol 43200
2024-07-14 12:14:43,385 - Non-IPv4 packet captured: Ethernet Protocol 43200
2024-07-14 12:14:43,691 - Non-IPv4 packet captured: Ethernet Protocol 43200
2024-07-14 12:14:43,876 - Non-IPv4 packet captured: Ethernet Protocol 43200
2024-07-14 12:14:43,876 - Non-IPv4 packet captured: Ethernet Protocol 43200
2024-07-14 12:14:44,054 - Non-IPv4 packet captured: Ethernet Protocol 43200
2024-07-14 12:14:44,054 - Non-IPv4 packet captured: Ethernet Protocol 43200
2024-07-14 12:14:44,414 - Non-IPv4 packet captured: Ethernet Protocol 43200
2024-07-14 12:14:44,461 - Non-IPv4 packet captured: Ethernet Protocol 43200
2024-07-14 12:14:44,461 - Non-IPv4 packet captured: Ethernet Protocol 43200
2024-07-14 12:14:44,782 - Non-IPv4 packet captured: Ethernet Protocol 43200
2024-07-14 12:14:44,782 - Non-IPv4 packet captured: Ethernet Protocol 43200
2024-07-14 12:14:44,782 - Non-IPv4 packet captured: Ethernet Protocol 43200
2024-07-14 12:14:44,798 - Non-IPv4 packet captured: Ethernet Protocol 43200
2024-07-14 12:14:44,878 - Non-IPv4 packet captured: Ethernet Protocol 43200
2024-07-14 12:14:44,878 - Non-IPv4 packet captured: Ethernet Protocol 43200
2024-07-14 12:14:45,287 - Non-IPv4 packet captured: Ethernet Protocol 43200
2024-07-14 12:14:45,758 - Non-IPv4 packet captured: Ethernet Protocol 43200
2024-07-14 12:14:45,758 - Non-IPv4 packet captured: Ethernet Protocol 43200
2024-07-14 12:14:45,758 - Non-IPv4 packet captured: Ethernet Protocol 43200
2024-07-14 12:14:45,883 - Non-IPv4 packet captured: Ethernet Protocol 43200
2024-07-14 12:14:45,883 - Non-IPv4 packet captured: Ethernet Protocol 43200
2024-07-14 12:14:46,205 - Non-IPv4 packet captured: Ethernet Protocol 43200
2024-07-14 12:14:46,205 - Non-IPv4 packet captured: Ethernet Protocol 43200
2024-07-14 12:14:46,205 - Non-IPv4 packet captured: Ethernet Protocol 43200
2024-07-14 12:14:46,205 - Non-IPv4 packet captured: Ethernet Protocol 43200
2024-07-14 12:14:46,205 - Non-IPv4 packet captured: Ethernet Protocol 43200
2024-07-14 12:14:46,205 - Non-IPv4 packet captured: Ethernet Protocol 43200
2024-07-14 12:14:46,205 - Non-IPv4 packet captured: Ethernet Protocol 43200
2024-07-14 12:14:46,205 - Non-IPv4 packet captured: Ethernet Protocol 43200
2024-07-14 12:14:46,205 - Non-IPv4 packet captured: Ethernet Protocol 43200
2024-07-14 12:14:46,205 - Non-IPv4 packet captured: Ethernet Protocol 43200
2024-07-14 12:14:46,205 - Non-IPv4 packet captured: Ethernet Protocol 43200
2024-07-14 12:14:46,205 - Non-IPv4 packet captured: Ethernet Protocol 43200
2024-07-14 12:14:46,205 - Non-IPv4 packet captured: Ethernet Protocol 43200
2024-07-14 12:14:46,205 - Non-IPv4 packet captured: Ethernet Protocol 43200
2024-07-14 12:14:46,542 - Non-IPv4 packet captured: Ethernet Protocol 43200
2024-07-14 12:14:46,592 - Non-IPv4 packet captured: Ethernet Protocol 43200
2024-07-14 12:14:46,592 - Non-IPv4 packet captured: Ethernet Protocol 43200
2024-07-14 12:14:46,723 - Non-IPv4 packet captured: Ethernet Protocol 43200
2024-07-14 12:14:47,313 - Non-IPv4 packet captured: Ethernet Protocol 43200
2024-07-14 12:14:47,629 - Non-IPv4 packet captured: Ethernet Protocol 43200
2024-07-14 12:14:53,057 - Non-IPv4 packet captured: Ethernet Protocol 43200
2024-07-14 12:15:10,039 - Non-IPv4 packet captured: Ethernet Protocol 43200
2024-07-14 12:15:14,057 - Non-IPv4 packet captured: Ethernet Protocol 43200
2024-07-14 12:15:19,415 - Non-IPv4 packet captured: Ethernet Protocol 43200
2024-07-14 12:15:20,368 - Non-IPv4 packet captured: Ethernet Protocol 43200
2024-07-14 12:15:21,422 - Non-IPv4 packet captured: Ethernet Protocol 43200
2024-07-14 12:15:35,054 - Non-IPv4 packet captured: Ethernet Protocol 43200
2024-07-14 12:15:37,949 - Non-IPv4 packet captured: Ethernet Protocol 43200
2024-07-14 12:15:37,949 - Non-IPv4 packet captured: Ethernet Protocol 43200
2024-07-14 12:15:38,956 - Non-IPv4 packet captured: Ethernet Protocol 43200
2024-07-14 12:15:38,956 - Non-IPv4 packet captured: Ethernet Protocol 43200
2024-07-14 12:15:39,961 - Non-IPv4 packet captured: Ethernet Protocol 43200
2024-07-14 12:15:39,961 - Non-IPv4 packet captured: Ethernet Protocol 43200
2024-07-14 12:15:39,961 - Non-IPv4 packet captured: Ethernet Protocol 43200
2024-07-14 12:15:40,975 - Non-IPv4 packet captured: Ethernet Protocol 43200
2024-07-14 12:15:40,975 - Non-IPv4 packet captured: Ethernet Protocol 43200
2024-07-14 12:15:41,385 - Non-IPv4 packet captured: Ethernet Protocol 43200
2024-07-14 12:16:02,350 - Non-IPv4 packet captured: Ethernet Protocol 43200
2024-07-14 12:16:09,960 - Non-IPv4 packet captured: Ethernet Protocol 43200
2024-07-14 12:16:10,980 - Non-IPv4 packet captured: Ethernet Protocol 43200
2024-07-14 12:16:10,980 - Non-IPv4 packet captured: Ethernet Protocol 43200
2024-07-14 12:16:10,980 - Non-IPv4 packet captured: Ethernet Protocol 43200
2024-07-14 12:16:11,146 - Non-IPv4 packet captured: Ethernet Protocol 43200
2024-07-14 12:16:11,146 - Non-IPv4 packet captured: Ethernet Protocol 43200
2024-07-14 12:16:11,292 - Non-IPv4 packet captured: Ethernet Protocol 43200
2024-07-14 12:16:11,354 - Non-IPv4 packet captured: Ethernet Protocol 43200
2024-07-14 12:16:14,057 - Non-IPv4 packet captured: Ethernet Protocol 43200
2024-07-14 12:16:14,057 - Non-IPv4 packet captured: Ethernet Protocol 43200
2024-07-14 12:16:14,057 - Non-IPv4 packet captured: Ethernet Protocol 43200
2024-07-14 12:16:14,105 - Non-IPv4 packet captured: Ethernet Protocol 43200
2024-07-14 12:16:14,105 - Non-IPv4 packet captured: Ethernet Protocol 43200
2024-07-14 12:16:14,105 - Non-IPv4 packet captured: Ethernet Protocol 43200
2024-07-14 12:16:21,367 - Non-IPv4 packet captured: Ethernet Protocol 43200
2024-07-14 12:16:39,957 - Non-IPv4 packet captured: Ethernet Protocol 43200
2024-07-14 12:16:41,364 - Non-IPv4 packet captured: Ethernet Protocol 43200
2024-07-14 12:16:42,433 - Non-IPv4 packet captured: Ethernet Protocol 43200
2024-07-14 12:16:42,873 - Non-IPv4 packet captured: Ethernet Protocol 43200
2024-07-14 12:16:42,873 - Non-IPv4 packet captured: Ethernet Protocol 43200
2024-07-14 12:16:43,878 - Non-IPv4 packet captured: Ethernet Protocol 43200
2024-07-14 12:16:43,878 - Non-IPv4 packet captured: Ethernet Protocol 43200
2024-07-14 12:16:44,884 - Non-IPv4 packet captured: Ethernet Protocol 43200
2024-07-14 12:16:44,884 - Non-IPv4 packet captured: Ethernet Protocol 43200
2024-07-14 12:16:45,888 - Non-IPv4 packet captured: Ethernet Protocol 43200
2024-07-14 12:16:45,888 - Non-IPv4 packet captured: Ethernet Protocol 43200
2024-07-14 12:17:01,407 - Non-IPv4 packet captured: Ethernet Protocol 43200
2024-07-14 12:17:09,946 - Non-IPv4 packet captured: Ethernet Protocol 43200
2024-07-14 12:17:18,223 - Non-IPv4 packet captured: Ethernet Protocol 43200
2024-07-14 12:17:18,223 - Non-IPv4 packet captured: Ethernet Protocol 43200
2024-07-14 12:17:18,268 - Non-IPv4 packet captured: Ethernet Protocol 43200
2024-07-14 12:17:18,268 - Non-IPv4 packet captured: Ethernet Protocol 43200
2024-07-14 12:17:18,284 - Non-IPv4 packet captured: Ethernet Protocol 43200
2024-07-14 12:17:19,632 - Non-IPv4 packet captured: Ethernet Protocol 43200
2024-07-14 12:17:19,632 - Non-IPv4 packet captured: Ethernet Protocol 43200
2024-07-14 12:17:19,632 - Non-IPv4 packet captured: Ethernet Protocol 43200
2024-07-14 12:17:19,728 - Non-IPv4 packet captured: Ethernet Protocol 43200
2024-07-14 12:17:19,728 - Non-IPv4 packet captured: Ethernet Protocol 43200
2024-07-14 12:17:20,392 - Non-IPv4 packet captured: Ethernet Protocol 43200
2024-07-14 12:17:21,375 - Non-IPv4 packet captured: Ethernet Protocol 43200
2024-07-14 12:17:22,287 - Non-IPv4 packet captured: Ethernet Protocol 43200
2024-07-14 12:17:31,639 - Non-IPv4 packet captured: Ethernet Protocol 43200
2024-07-14 12:17:31,639 - Non-IPv4 packet captured: Ethernet Protocol 43200
2024-07-14 12:17:31,889 - Non-IPv4 packet captured: Ethernet Protocol 43200
2024-07-14 12:17:31,889 - Non-IPv4 packet captured: Ethernet Protocol 43200
2024-07-14 12:17:32,063 - Non-IPv4 packet captured: Ethernet Protocol 43200
2024-07-14 12:17:32,063 - Non-IPv4 packet captured: Ethernet Protocol 43200
2024-07-14 12:17:37,958 - Non-IPv4 packet captured: Ethernet Protocol 43200
2024-07-14 12:17:37,958 - Non-IPv4 packet captured: Ethernet Protocol 43200
2024-07-14 12:17:38,967 - Non-IPv4 packet captured: Ethernet Protocol 43200
2024-07-14 12:17:38,967 - Non-IPv4 packet captured: Ethernet Protocol 43200
2024-07-14 12:17:39,967 - Non-IPv4 packet captured: Ethernet Protocol 43200
2024-07-14 12:17:39,967 - Non-IPv4 packet captured: Ethernet Protocol 43200
2024-07-14 12:17:40,209 - Non-IPv4 packet captured: Ethernet Protocol 43200
2024-07-14 12:17:40,288 - Non-IPv4 packet captured: Ethernet Protocol 43200
2024-07-14 12:17:40,976 - Non-IPv4 packet captured: Ethernet Protocol 43200
2024-07-14 12:17:40,976 - Non-IPv4 packet captured: Ethernet Protocol 43200
2024-07-14 12:17:41,561 - Non-IPv4 packet captured: Ethernet Protocol 43200
2024-07-14 12:17:52,060 - Non-IPv4 packet captured: Ethernet Protocol 43200
2024-07-14 12:17:58,638 - Non-IPv4 packet captured: Ethernet Protocol 43200
2024-07-14 12:17:58,638 - Non-IPv4 packet captured: Ethernet Protocol 43200
2024-07-14 12:17:58,661 - Non-IPv4 packet captured: Ethernet Protocol 43200
2024-07-14 12:17:58,676 - Non-IPv4 packet captured: Ethernet Protocol 43200
2024-07-14 12:18:01,372 - Non-IPv4 packet captured: Ethernet Protocol 43200
2024-07-14 12:18:04,068 - Non-IPv4 packet captured: Ethernet Protocol 43200
2024-07-14 12:18:04,068 - Non-IPv4 packet captured: Ethernet Protocol 43200
2024-07-14 12:18:04,318 - Non-IPv4 packet captured: Ethernet Protocol 43200
2024-07-14 12:18:04,318 - Non-IPv4 packet captured: Ethernet Protocol 43200
2024-07-14 12:18:04,537 - Non-IPv4 packet captured: Ethernet Protocol 43200
2024-07-14 12:18:04,553 - Non-IPv4 packet captured: Ethernet Protocol 43200
2024-07-14 12:18:10,079 - Non-IPv4 packet captured: Ethernet Protocol 43200
2024-07-14 12:18:20,404 - Non-IPv4 packet captured: Ethernet Protocol 43200
2024-07-14 12:18:20,404 - Non-IPv4 packet captured: Ethernet Protocol 43200
2024-07-14 12:18:20,626 - Non-IPv4 packet captured: Ethernet Protocol 43200
2024-07-14 12:18:20,626 - Non-IPv4 packet captured: Ethernet Protocol 43200
2024-07-14 12:18:21,380 - Non-IPv4 packet captured: Ethernet Protocol 43200
2024-07-14 12:18:22,437 - Non-IPv4 packet captured: Ethernet Protocol 43200
2024-07-14 12:18:40,005 - Non-IPv4 packet captured: Ethernet Protocol 43200
2024-07-14 12:18:41,412 - Non-IPv4 packet captured: Ethernet Protocol 43200
2024-07-14 12:18:42,888 - Non-IPv4 packet captured: Ethernet Protocol 43200
2024-07-14 12:18:42,888 - Non-IPv4 packet captured: Ethernet Protocol 43200
2024-07-14 12:18:43,902 - Non-IPv4 packet captured: Ethernet Protocol 43200
2024-07-14 12:18:43,902 - Non-IPv4 packet captured: Ethernet Protocol 43200
2024-07-14 12:18:44,910 - Non-IPv4 packet captured: Ethernet Protocol 43200
2024-07-14 12:18:44,910 - Non-IPv4 packet captured: Ethernet Protocol 43200
2024-07-14 12:18:45,919 - Non-IPv4 packet captured: Ethernet Protocol 43200
2024-07-14 12:18:45,919 - Non-IPv4 packet captured: Ethernet Protocol 43200
2024-07-14 12:18:49,167 - Non-IPv4 packet captured: Ethernet Protocol 43200
2024-07-14 12:18:49,167 - Non-IPv4 packet captured: Ethernet Protocol 43200
2024-07-14 12:18:50,182 - Non-IPv4 packet captured: Ethernet Protocol 43200
2024-07-14 12:18:50,182 - Non-IPv4 packet captured: Ethernet Protocol 43200
2024-07-14 12:18:52,047 - Non-IPv4 packet captured: Ethernet Protocol 43200
2024-07-14 12:18:55,291 - Non-IPv4 packet captured: Ethernet Protocol 43200
2024-07-14 12:18:55,292 - Non-IPv4 packet captured: Ethernet Protocol 43200
2024-07-14 12:18:55,355 - Non-IPv4 packet captured: Ethernet Protocol 43200
2024-07-14 12:18:55,359 - Non-IPv4 packet captured: Ethernet Protocol 43200
2024-07-14 12:18:55,359 - Non-IPv4 packet captured: Ethernet Protocol 43200
2024-07-14 12:18:55,593 - Non-IPv4 packet captured: Ethernet Protocol 43200
2024-07-14 12:18:55,593 - Non-IPv4 packet captured: Ethernet Protocol 43200
2024-07-14 12:18:55,755 - Non-IPv4 packet captured: Ethernet Protocol 43200
2024-07-14 12:18:56,022 - Non-IPv4 packet captured: Ethernet Protocol 43200
2024-07-14 12:18:56,022 - Non-IPv4 packet captured: Ethernet Protocol 43200
2024-07-14 12:18:56,023 - Non-IPv4 packet captured: Ethernet Protocol 43200
2024-07-14 12:18:56,023 - Non-IPv4 packet captured: Ethernet Protocol 43200
2024-07-14 12:18:56,023 - Non-IPv4 packet captured: Ethernet Protocol 43200
2024-07-14 12:18:56,064 - Non-IPv4 packet captured: Ethernet Protocol 43200
2024-07-14 12:18:56,064 - Non-IPv4 packet captured: Ethernet Protocol 43200
2024-07-14 12:18:56,064 - Non-IPv4 packet captured: Ethernet Protocol 43200
2024-07-14 12:18:56,117 - Non-IPv4 packet captured: Ethernet Protocol 43200
2024-07-14 12:18:56,117 - Non-IPv4 packet captured: Ethernet Protocol 43200
2024-07-14 12:18:56,117 - Non-IPv4 packet captured: Ethernet Protocol 43200
2024-07-14 12:18:56,251 - Non-IPv4 packet captured: Ethernet Protocol 43200
2024-07-14 12:18:56,751 - Non-IPv4 packet captured: Ethernet Protocol 43200
2024-07-14 12:18:56,751 - Non-IPv4 packet captured: Ethernet Protocol 43200
2024-07-14 12:18:56,752 - Non-IPv4 packet captured: Ethernet Protocol 43200
2024-07-14 12:19:01,384 - Non-IPv4 packet captured: Ethernet Protocol 43200
2024-07-14 12:19:03,906 - Non-IPv4 packet captured: Ethernet Protocol 43200
2024-07-14 12:19:03,906 - Non-IPv4 packet captured: Ethernet Protocol 43200
2024-07-14 12:19:04,156 - Non-IPv4 packet captured: Ethernet Protocol 43200
2024-07-14 12:19:04,156 - Non-IPv4 packet captured: Ethernet Protocol 43200
2024-07-14 12:19:04,424 - Non-IPv4 packet captured: Ethernet Protocol 43200
2024-07-14 12:19:04,424 - Non-IPv4 packet captured: Ethernet Protocol 43200
2024-07-14 12:19:10,040 - Packet sniffer stopped by user.
2024-07-14 12:19:10,040 - Promiscuous mode disabled, exiting.
2024-07-14 12:25:04,206 - Starting packet sniffer...
2024-07-14 12:25:04,216 - Socket created and bound to interface.
2024-07-14 12:25:05,133 - Non-IPv4 packet captured: Ethernet Protocol 43200
2024-07-14 12:25:05,133 - Non-IPv4 packet captured: Ethernet Protocol 43200
2024-07-14 12:25:05,181 - Non-IPv4 packet captured: Ethernet Protocol 43200
2024-07-14 12:25:05,181 - Non-IPv4 packet captured: Ethernet Protocol 43200
2024-07-14 12:25:05,267 - Non-IPv4 packet captured: Ethernet Protocol 43200
2024-07-14 12:25:05,268 - Non-IPv4 packet captured: Ethernet Protocol 43200
2024-07-14 12:25:05,292 - Non-IPv4 packet captured: Ethernet Protocol 43200
2024-07-14 12:25:05,298 - Non-IPv4 packet captured: Ethernet Protocol 43200
2024-07-14 12:25:09,999 - Non-IPv4 packet captured: Ethernet Protocol 43200
2024-07-14 12:25:10,686 - Non-IPv4 packet captured: Ethernet Protocol 43200
2024-07-14 12:25:10,687 - Non-IPv4 packet captured: Ethernet Protocol 43200
2024-07-14 12:25:10,773 - Non-IPv4 packet captured: Ethernet Protocol 43200
2024-07-14 12:25:10,785 - Non-IPv4 packet captured: Ethernet Protocol 43200
2024-07-14 12:25:15,997 - Non-IPv4 packet captured: Ethernet Protocol 43200
2024-07-14 12:25:15,997 - Non-IPv4 packet captured: Ethernet Protocol 43200
2024-07-14 12:25:16,052 - Non-IPv4 packet captured: Ethernet Protocol 43200
2024-07-14 12:25:16,057 - Non-IPv4 packet captured: Ethernet Protocol 43200
2024-07-14 12:25:18,367 - Non-IPv4 packet captured: Ethernet Protocol 43200
2024-07-14 12:25:18,367 - Non-IPv4 packet captured: Ethernet Protocol 43200
2024-07-14 12:25:18,413 - Non-IPv4 packet captured: Ethernet Protocol 43200
2024-07-14 12:25:18,422 - Non-IPv4 packet captured: Ethernet Protocol 43200
2024-07-14 12:25:18,423 - Non-IPv4 packet captured: Ethernet Protocol 43200
2024-07-14 12:25:22,318 - Non-IPv4 packet captured: Ethernet Protocol 43200
2024-07-14 12:25:29,027 - Non-IPv4 packet captured: Ethernet Protocol 43200
2024-07-14 12:25:29,028 - Non-IPv4 packet captured: Ethernet Protocol 43200
2024-07-14 12:25:29,098 - Non-IPv4 packet captured: Ethernet Protocol 43200
2024-07-14 12:25:29,098 - Non-IPv4 packet captured: Ethernet Protocol 43200
2024-07-14 12:25:37,980 - Non-IPv4 packet captured: Ethernet Protocol 43200
2024-07-14 12:25:37,980 - Non-IPv4 packet captured: Ethernet Protocol 43200
2024-07-14 12:25:38,997 - Non-IPv4 packet captured: Ethernet Protocol 43200
2024-07-14 12:25:38,997 - Non-IPv4 packet captured: Ethernet Protocol 43200
2024-07-14 12:25:39,959 - Non-IPv4 packet captured: Ethernet Protocol 43200
2024-07-14 12:25:40,003 - Non-IPv4 packet captured: Ethernet Protocol 43200
2024-07-14 12:25:40,003 - Non-IPv4 packet captured: Ethernet Protocol 43200
2024-07-14 12:25:41,007 - Non-IPv4 packet captured: Ethernet Protocol 43200
2024-07-14 12:25:41,007 - Non-IPv4 packet captured: Ethernet Protocol 43200
2024-07-14 12:25:52,056 - Packet sniffer stopped by user.
2024-07-14 12:25:52,056 - Promiscuous mode disabled, exiting.
2024-07-14 12:26:15,333 - Starting packet sniffer...
2024-07-14 12:26:15,333 - Socket created and bound to interface.
2024-07-14 12:26:22,333 - Non-IPv4 packet captured: Ethernet Protocol 43200
2024-07-14 12:26:22,815 - Non-IPv4 packet captured: Ethernet Protocol 43200
2024-07-14 12:26:22,914 - Non-IPv4 packet captured: Ethernet Protocol 43200
2024-07-14 12:26:22,929 - Non-IPv4 packet captured: Ethernet Protocol 43200
2024-07-14 12:26:22,929 - Non-IPv4 packet captured: Ethernet Protocol 43200
2024-07-14 12:26:22,929 - Non-IPv4 packet captured: Ethernet Protocol 43200
2024-07-14 12:26:22,929 - Non-IPv4 packet captured: Ethernet Protocol 43200
2024-07-14 12:26:22,929 - Non-IPv4 packet captured: Ethernet Protocol 43200
2024-07-14 12:26:22,929 - Non-IPv4 packet captured: Ethernet Protocol 43200
2024-07-14 12:26:22,929 - Non-IPv4 packet captured: Ethernet Protocol 43200
2024-07-14 12:26:22,929 - Non-IPv4 packet captured: Ethernet Protocol 43200
2024-07-14 12:26:22,929 - Non-IPv4 packet captured: Ethernet Protocol 43200
2024-07-14 12:26:22,929 - Non-IPv4 packet captured: Ethernet Protocol 43200
2024-07-14 12:26:23,070 - Non-IPv4 packet captured: Ethernet Protocol 43200
2024-07-14 12:26:28,469 - Non-IPv4 packet captured: Ethernet Protocol 43200
2024-07-14 12:26:28,471 - Non-IPv4 packet captured: Ethernet Protocol 43200
2024-07-14 12:26:28,531 - Non-IPv4 packet captured: Ethernet Protocol 43200
2024-07-14 12:26:28,541 - Non-IPv4 packet captured: Ethernet Protocol 43200
2024-07-14 12:26:34,430 - Non-IPv4 packet captured: Ethernet Protocol 43200
2024-07-14 12:26:34,430 - Non-IPv4 packet captured: Ethernet Protocol 43200
2024-07-14 12:26:34,492 - Non-IPv4 packet captured: Ethernet Protocol 43200
2024-07-14 12:26:34,548 - Non-IPv4 packet captured: Ethernet Protocol 43200
2024-07-14 12:26:34,548 - Non-IPv4 packet captured: Ethernet Protocol 43200
2024-07-14 12:26:34,776 - Non-IPv4 packet captured: Ethernet Protocol 43200
2024-07-14 12:26:34,777 - Non-IPv4 packet captured: Ethernet Protocol 43200
2024-07-14 12:26:35,116 - Non-IPv4 packet captured: Ethernet Protocol 43200
2024-07-14 12:26:35,408 - Non-IPv4 packet captured: Ethernet Protocol 43200
2024-07-14 12:26:35,409 - Non-IPv4 packet captured: Ethernet Protocol 43200
2024-07-14 12:26:35,410 - Non-IPv4 packet captured: Ethernet Protocol 43200
2024-07-14 12:26:35,410 - Non-IPv4 packet captured: Ethernet Protocol 43200
2024-07-14 12:26:35,410 - Non-IPv4 packet captured: Ethernet Protocol 43200
2024-07-14 12:26:35,718 - Non-IPv4 packet captured: Ethernet Protocol 43200
2024-07-14 12:26:35,803 - Non-IPv4 packet captured: Ethernet Protocol 43200
2024-07-14 12:26:35,803 - Non-IPv4 packet captured: Ethernet Protocol 43200
2024-07-14 12:26:35,803 - Non-IPv4 packet captured: Ethernet Protocol 43200
2024-07-14 12:26:39,956 - Non-IPv4 packet captured: Ethernet Protocol 43200
2024-07-14 12:26:42,923 - Non-IPv4 packet captured: Ethernet Protocol 43200
2024-07-14 12:26:42,924 - Non-IPv4 packet captured: Ethernet Protocol 43200
2024-07-14 12:26:43,927 - Non-IPv4 packet captured: Ethernet Protocol 43200
2024-07-14 12:26:43,927 - Non-IPv4 packet captured: Ethernet Protocol 43200
2024-07-14 12:26:44,930 - Non-IPv4 packet captured: Ethernet Protocol 43200
2024-07-14 12:26:44,930 - Non-IPv4 packet captured: Ethernet Protocol 43200
2024-07-14 12:26:45,937 - Non-IPv4 packet captured: Ethernet Protocol 43200
2024-07-14 12:26:45,937 - Non-IPv4 packet captured: Ethernet Protocol 43200
2024-07-14 12:26:52,049 - Non-IPv4 packet captured: Ethernet Protocol 43200
2024-07-14 12:27:04,847 - Non-IPv4 packet captured: Ethernet Protocol 43200
2024-07-14 12:27:04,847 - Non-IPv4 packet captured: Ethernet Protocol 43200
2024-07-14 12:27:04,898 - Non-IPv4 packet captured: Ethernet Protocol 43200
2024-07-14 12:27:04,898 - Non-IPv4 packet captured: Ethernet Protocol 43200
2024-07-14 12:27:07,241 - Non-IPv4 packet captured: Ethernet Protocol 43200
2024-07-14 12:27:07,242 - Non-IPv4 packet captured: Ethernet Protocol 43200
2024-07-14 12:27:07,242 - Non-IPv4 packet captured: Ethernet Protocol 43200
2024-07-14 12:27:07,306 - Non-IPv4 packet captured: Ethernet Protocol 43200
2024-07-14 12:27:07,307 - Non-IPv4 packet captured: Ethernet Protocol 43200
2024-07-14 12:27:07,308 - Non-IPv4 packet captured: Ethernet Protocol 43200
2024-07-14 12:27:08,184 - Non-IPv4 packet captured: Ethernet Protocol 43200
2024-07-14 12:27:08,256 - Non-IPv4 packet captured: Ethernet Protocol 43200
2024-07-14 12:27:08,269 - Non-IPv4 packet captured: Ethernet Protocol 43200
2024-07-14 12:27:08,273 - Non-IPv4 packet captured: Ethernet Protocol 43200
2024-07-14 12:27:08,273 - Non-IPv4 packet captured: Ethernet Protocol 43200
2024-07-14 12:27:08,364 - Non-IPv4 packet captured: Ethernet Protocol 43200
2024-07-14 12:27:08,385 - Non-IPv4 packet captured: Ethernet Protocol 43200
2024-07-14 12:27:08,426 - Non-IPv4 packet captured: Ethernet Protocol 43200
2024-07-14 12:27:08,426 - Non-IPv4 packet captured: Ethernet Protocol 43200
2024-07-14 12:27:08,427 - Non-IPv4 packet captured: Ethernet Protocol 43200
2024-07-14 12:27:08,458 - Non-IPv4 packet captured: Ethernet Protocol 43200
2024-07-14 12:27:08,459 - Non-IPv4 packet captured: Ethernet Protocol 43200
2024-07-14 12:27:08,459 - Non-IPv4 packet captured: Ethernet Protocol 43200
2024-07-14 12:27:08,478 - Non-IPv4 packet captured: Ethernet Protocol 43200
2024-07-14 12:27:08,504 - Non-IPv4 packet captured: Ethernet Protocol 43200
2024-07-14 12:27:08,505 - Non-IPv4 packet captured: Ethernet Protocol 43200
2024-07-14 12:27:10,010 - Non-IPv4 packet captured: Ethernet Protocol 43200
2024-07-14 12:27:13,109 - Non-IPv4 packet captured: Ethernet Protocol 43200
2024-07-14 12:27:13,109 - Non-IPv4 packet captured: Ethernet Protocol 43200
2024-07-14 12:27:13,387 - Non-IPv4 packet captured: Ethernet Protocol 43200
2024-07-14 12:27:13,422 - Non-IPv4 packet captured: Ethernet Protocol 43200
2024-07-14 12:27:13,543 - Non-IPv4 packet captured: Ethernet Protocol 43200
2024-07-14 12:27:13,587 - Non-IPv4 packet captured: Ethernet Protocol 43200
2024-07-14 12:27:13,748 - Non-IPv4 packet captured: Ethernet Protocol 43200
2024-07-14 12:27:13,829 - Non-IPv4 packet captured: Ethernet Protocol 43200
2024-07-14 12:27:13,830 - Non-IPv4 packet captured: Ethernet Protocol 43200
2024-07-14 12:27:13,869 - Non-IPv4 packet captured: Ethernet Protocol 43200
2024-07-14 12:27:13,922 - Non-IPv4 packet captured: Ethernet Protocol 43200
2024-07-14 12:27:13,970 - Non-IPv4 packet captured: Ethernet Protocol 43200
2024-07-14 12:27:13,973 - Non-IPv4 packet captured: Ethernet Protocol 43200
2024-07-14 12:27:14,023 - Non-IPv4 packet captured: Ethernet Protocol 43200
2024-07-14 12:27:14,112 - Non-IPv4 packet captured: Ethernet Protocol 43200
2024-07-14 12:27:14,113 - Non-IPv4 packet captured: Ethernet Protocol 43200
2024-07-14 12:27:17,480 - Non-IPv4 packet captured: Ethernet Protocol 43200
2024-07-14 12:27:17,480 - Non-IPv4 packet captured: Ethernet Protocol 43200
2024-07-14 12:27:17,537 - Non-IPv4 packet captured: Ethernet Protocol 43200
2024-07-14 12:27:17,540 - Non-IPv4 packet captured: Ethernet Protocol 43200
2024-07-14 12:27:22,276 - Non-IPv4 packet captured: Ethernet Protocol 43200
2024-07-14 12:27:33,354 - Packet sniffer stopped by user.
2024-07-14 12:27:33,355 - Promiscuous mode disabled, exiting.
2024-07-14 12:32:14,847 - Starting packet sniffer...
2024-07-14 12:32:14,863 - Socket created and bound to interface.
2024-07-14 12:32:15,132 - Non-IPv4 packet captured: Ethernet Protocol 43200
2024-07-14 12:32:15,132 - Non-IPv4 packet captured: Ethernet Protocol 43200
2024-07-14 12:32:16,143 - Non-IPv4 packet captured: Ethernet Protocol 43200
2024-07-14 12:32:16,143 - Non-IPv4 packet captured: Ethernet Protocol 43200
2024-07-14 12:32:25,053 - Non-IPv4 packet captured: Ethernet Protocol 43200
2024-07-14 12:32:29,441 - Non-IPv4 packet captured: Ethernet Protocol 43200
2024-07-14 12:32:29,441 - Non-IPv4 packet captured: Ethernet Protocol 43200
2024-07-14 12:32:29,441 - Non-IPv4 packet captured: Ethernet Protocol 43200
2024-07-14 12:32:29,511 - Non-IPv4 packet captured: Ethernet Protocol 43200
2024-07-14 12:32:29,511 - Non-IPv4 packet captured: Ethernet Protocol 43200
2024-07-14 12:32:29,511 - Non-IPv4 packet captured: Ethernet Protocol 43200
2024-07-14 12:32:31,875 - Non-IPv4 packet captured: Ethernet Protocol 43200
2024-07-14 12:32:39,936 - Non-IPv4 packet captured: Ethernet Protocol 43200
2024-07-14 12:32:42,941 - Non-IPv4 packet captured: Ethernet Protocol 43200
2024-07-14 12:32:42,941 - Non-IPv4 packet captured: Ethernet Protocol 43200
2024-07-14 12:32:43,948 - Non-IPv4 packet captured: Ethernet Protocol 43200
2024-07-14 12:32:43,948 - Non-IPv4 packet captured: Ethernet Protocol 43200
2024-07-14 12:32:44,058 - Non-IPv4 packet captured: Ethernet Protocol 43200
2024-07-14 12:32:44,954 - Non-IPv4 packet captured: Ethernet Protocol 43200
2024-07-14 12:32:44,954 - Non-IPv4 packet captured: Ethernet Protocol 43200
2024-07-14 12:32:45,955 - Non-IPv4 packet captured: Ethernet Protocol 43200
2024-07-14 12:32:45,955 - Non-IPv4 packet captured: Ethernet Protocol 43200
2024-07-14 12:32:54,142 - Non-IPv4 packet captured: Ethernet Protocol 43200
2024-07-14 12:32:54,142 - Non-IPv4 packet captured: Ethernet Protocol 43200
2024-07-14 12:32:54,235 - Non-IPv4 packet captured: Ethernet Protocol 43200
2024-07-14 12:32:54,235 - Non-IPv4 packet captured: Ethernet Protocol 43200
2024-07-14 12:32:59,025 - Non-IPv4 packet captured: Ethernet Protocol 43200
2024-07-14 12:33:10,001 - Packet sniffer stopped by user.
2024-07-14 12:33:10,001 - Promiscuous mode disabled, exiting.
2024-07-14 12:36:34,393 - Starting packet sniffer...
2024-07-14 12:36:34,399 - Socket created and bound to interface.
2024-07-14 12:36:35,587 - Non-IPv4 packet captured: Ethernet Protocol 43200
2024-07-14 12:36:40,085 - Non-IPv4 packet captured: Ethernet Protocol 43200
2024-07-14 12:36:42,970 - Non-IPv4 packet captured: Ethernet Protocol 43200
2024-07-14 12:36:42,970 - Non-IPv4 packet captured: Ethernet Protocol 43200
2024-07-14 12:36:43,982 - Non-IPv4 packet captured: Ethernet Protocol 43200
2024-07-14 12:36:43,982 - Non-IPv4 packet captured: Ethernet Protocol 43200
2024-07-14 12:36:44,983 - Non-IPv4 packet captured: Ethernet Protocol 43200
2024-07-14 12:36:44,984 - Non-IPv4 packet captured: Ethernet Protocol 43200
2024-07-14 12:36:45,997 - Non-IPv4 packet captured: Ethernet Protocol 43200
2024-07-14 12:36:45,998 - Non-IPv4 packet captured: Ethernet Protocol 43200
2024-07-14 12:36:46,914 - Non-IPv4 packet captured: Ethernet Protocol 43200
2024-07-14 12:36:46,914 - Non-IPv4 packet captured: Ethernet Protocol 43200
2024-07-14 12:36:46,949 - Non-IPv4 packet captured: Ethernet Protocol 43200
2024-07-14 12:36:46,949 - Non-IPv4 packet captured: Ethernet Protocol 43200
2024-07-14 12:36:46,950 - Non-IPv4 packet captured: Ethernet Protocol 43200
2024-07-14 12:36:47,198 - Non-IPv4 packet captured: Ethernet Protocol 43200
2024-07-14 12:36:47,198 - Non-IPv4 packet captured: Ethernet Protocol 43200
2024-07-14 12:36:47,552 - Non-IPv4 packet captured: Ethernet Protocol 43200
2024-07-14 12:36:47,825 - Non-IPv4 packet captured: Ethernet Protocol 43200
2024-07-14 12:36:47,826 - Non-IPv4 packet captured: Ethernet Protocol 43200
2024-07-14 12:36:47,827 - Non-IPv4 packet captured: Ethernet Protocol 43200
2024-07-14 12:36:47,828 - Non-IPv4 packet captured: Ethernet Protocol 43200
2024-07-14 12:36:47,828 - Non-IPv4 packet captured: Ethernet Protocol 43200
2024-07-14 12:36:48,134 - Non-IPv4 packet captured: Ethernet Protocol 43200
2024-07-14 12:36:48,226 - Non-IPv4 packet captured: Ethernet Protocol 43200
2024-07-14 12:36:48,226 - Non-IPv4 packet captured: Ethernet Protocol 43200
2024-07-14 12:36:48,226 - Non-IPv4 packet captured: Ethernet Protocol 43200
2024-07-14 12:37:02,271 - Non-IPv4 packet captured: Ethernet Protocol 43200
2024-07-14 12:37:02,695 - Non-IPv4 packet captured: Ethernet Protocol 43200
2024-07-14 12:37:09,991 - Non-IPv4 packet captured: Ethernet Protocol 43200
2024-07-14 12:37:11,253 - Non-IPv4 packet captured: Ethernet Protocol 43200
2024-07-14 12:37:11,253 - Non-IPv4 packet captured: Ethernet Protocol 43200
2024-07-14 12:37:11,333 - Non-IPv4 packet captured: Ethernet Protocol 43200
2024-07-14 12:37:11,333 - Non-IPv4 packet captured: Ethernet Protocol 43200
2024-07-14 12:37:17,155 - Non-IPv4 packet captured: Ethernet Protocol 43200
2024-07-14 12:37:17,156 - Non-IPv4 packet captured: Ethernet Protocol 43200
2024-07-14 12:37:18,159 - Non-IPv4 packet captured: Ethernet Protocol 43200
2024-07-14 12:37:18,159 - Non-IPv4 packet captured: Ethernet Protocol 43200
2024-07-14 12:37:18,994 - Non-IPv4 packet captured: Ethernet Protocol 43200
2024-07-14 12:37:18,994 - Non-IPv4 packet captured: Ethernet Protocol 43200
2024-07-14 12:37:19,025 - Non-IPv4 packet captured: Ethernet Protocol 43200
2024-07-14 12:37:19,026 - Non-IPv4 packet captured: Ethernet Protocol 43200
2024-07-14 12:37:19,027 - Non-IPv4 packet captured: Ethernet Protocol 43200
2024-07-14 12:37:29,808 - Non-IPv4 packet captured: Ethernet Protocol 43200
2024-07-14 12:37:38,032 - Packet sniffer stopped by user.
2024-07-14 12:37:38,032 - Promiscuous mode disabled, exiting.
